<?xml version="1.0" encoding="UTF-8"?>
<testng-results ignored="0" total="2" passed="2" failed="0" skipped="0">
  <reporter-output>
  </reporter-output>
  <suite started-at="2021-08-08T01:23:27 IST" name="Surefire suite" finished-at="2021-08-08T01:24:01 IST" duration-ms="33194">
    <groups>
    </groups>
    <test started-at="2021-08-08T01:23:27 IST" name="Surefire test" finished-at="2021-08-08T01:24:01 IST" duration-ms="33194">
      <class name="E2EP2.E2EProject_02.TestExecution">
        <test-method signature="executeTestcase()[pri:0, instance:E2EP2.E2EProject_02.TestExecution@3754a4bf]" started-at="2021-08-08T01:23:49 IST" name="executeTestcase" finished-at="2021-08-08T01:24:01 IST" duration-ms="12078" status="PASS">
          <reporter-output>
          </reporter-output>
        </test-method> <!-- executeTestcase -->
      </class> <!-- E2EP2.E2EProject_02.TestExecution -->
      <class name="E2EP2.E2EProject_02.Test2">
        <test-method signature="gg()[pri:0, instance:E2EP2.E2EProject_02.Test2@13c9d689]" started-at="2021-08-08T01:23:28 IST" name="gg" finished-at="2021-08-08T01:23:49 IST" duration-ms="21008" status="PASS">
          <reporter-output>
          </reporter-output>
        </test-method> <!-- gg -->
      </class> <!-- E2EP2.E2EProject_02.Test2 -->
    </test> <!-- Surefire test -->
  </suite> <!-- Surefire suite -->
</testng-results>
