<?xml version="1.0" encoding="UTF-8"?>
<testng-results ignored="0" total="1" passed="1" failed="0" skipped="0">
  <reporter-output>
  </reporter-output>
  <suite started-at="2021-05-25T12:35:27 IST" name="Default suite" finished-at="2021-05-25T12:35:55 IST" duration-ms="27966">
    <groups>
    </groups>
    <test started-at="2021-05-25T12:35:27 IST" name="Default test" finished-at="2021-05-25T12:35:55 IST" duration-ms="27966">
      <class name="E2EP2.E2EProject_02.TestExecution">
        <test-method signature="executeTestcase()[pri:0, instance:E2EP2.E2EProject_02.TestExecution@3246fb96]" started-at="2021-05-25T12:35:27 IST" name="executeTestcase" finished-at="2021-05-25T12:35:55 IST" duration-ms="27885" status="PASS">
          <reporter-output>
          </reporter-output>
        </test-method> <!-- executeTestcase -->
      </class> <!-- E2EP2.E2EProject_02.TestExecution -->
    </test> <!-- Default test -->
  </suite> <!-- Default suite -->
</testng-results>
