<?xml version="1.0" encoding="UTF-8"?>
<testng-results ignored="0" total="1" passed="1" failed="0" skipped="0">
  <reporter-output>
  </reporter-output>
  <suite started-at="2021-08-08T01:25:05 IST" name="Default suite" finished-at="2021-08-08T01:25:24 IST" duration-ms="19592">
    <groups>
    </groups>
    <test started-at="2021-08-08T01:25:05 IST" name="Default test" finished-at="2021-08-08T01:25:24 IST" duration-ms="19592">
      <class name="E2EP2.E2EProject_02.Alerts_pop">
        <test-method signature="Alerts()[pri:0, instance:E2EP2.E2EProject_02.Alerts_pop@2abf4075]" started-at="2021-08-08T01:25:05 IST" name="Alerts" finished-at="2021-08-08T01:25:24 IST" duration-ms="19510" status="PASS">
          <reporter-output>
          </reporter-output>
        </test-method> <!-- Alerts -->
      </class> <!-- E2EP2.E2EProject_02.Alerts_pop -->
    </test> <!-- Default test -->
  </suite> <!-- Default suite -->
</testng-results>
